----------------------------------------------------------------
Wed Jan 15 16:20:46 CET 2014:
Booting Derby version The Apache Software Foundation - Apache Derby - 10.10.1.1 - (1458268): instance a816c00e-0143-967d-8a23-0000005b80e0 
on database directory memory:/Users/HJ/Javafiler/NetBeans/Smarkosystem/Smartkosystem/testdb with class loader sun.misc.Launcher$AppClassLoader@75787005 
Loaded from file:/Users/HJ/Javafiler/NetBeans/Smarkosystem/Smartkosystem/konfig/derby-10.10.1.1.jar
java.vendor=Oracle Corporation
java.runtime.version=1.7.0_21-b12
user.dir=/Users/HJ/Javafiler/NetBeans/Smarkosystem/Smartkosystem
os.name=Mac OS X
os.arch=x86_64
os.version=10.9
derby.system.home=null
derby.stream.error.method=org.springframework.jdbc.datasource.embedded.OutputStreamFactory.getNoopOutputStream
Database Class Loader started - derby.database.classpath=''
----------------------------------------------------------------
Wed Jan 15 16:20:47 CET 2014:
Shutting down instance a816c00e-0143-967d-8a23-0000005b80e0 on database directory memory:/Users/HJ/Javafiler/NetBeans/Smarkosystem/Smartkosystem/testdb with class loader sun.misc.Launcher$AppClassLoader@75787005 
----------------------------------------------------------------
Wed Jan 15 16:20:48 CET 2014:
Booting Derby version The Apache Software Foundation - Apache Derby - 10.10.1.1 - (1458268): instance f5fb814d-0143-967d-8a23-0000005b80e0 
on database directory memory:/Users/HJ/Javafiler/NetBeans/Smarkosystem/Smartkosystem/testdb with class loader sun.misc.Launcher$AppClassLoader@75787005 
Loaded from file:/Users/HJ/Javafiler/NetBeans/Smarkosystem/Smartkosystem/konfig/derby-10.10.1.1.jar
java.vendor=Oracle Corporation
java.runtime.version=1.7.0_21-b12
user.dir=/Users/HJ/Javafiler/NetBeans/Smarkosystem/Smartkosystem
os.name=Mac OS X
os.arch=x86_64
os.version=10.9
derby.system.home=null
derby.stream.error.method=org.springframework.jdbc.datasource.embedded.OutputStreamFactory.getNoopOutputStream
Database Class Loader started - derby.database.classpath=''
----------------------------------------------------------------
Wed Jan 15 16:20:48 CET 2014:
Shutting down instance f5fb814d-0143-967d-8a23-0000005b80e0 on database directory memory:/Users/HJ/Javafiler/NetBeans/Smarkosystem/Smartkosystem/testdb with class loader sun.misc.Launcher$AppClassLoader@75787005 
----------------------------------------------------------------
Wed Jan 15 16:20:49 CET 2014:
Booting Derby version The Apache Software Foundation - Apache Derby - 10.10.1.1 - (1458268): instance 6740828c-0143-967d-8a23-0000005b80e0 
on database directory memory:/Users/HJ/Javafiler/NetBeans/Smarkosystem/Smartkosystem/testdb with class loader sun.misc.Launcher$AppClassLoader@75787005 
Loaded from file:/Users/HJ/Javafiler/NetBeans/Smarkosystem/Smartkosystem/konfig/derby-10.10.1.1.jar
java.vendor=Oracle Corporation
java.runtime.version=1.7.0_21-b12
user.dir=/Users/HJ/Javafiler/NetBeans/Smarkosystem/Smartkosystem
os.name=Mac OS X
os.arch=x86_64
os.version=10.9
derby.system.home=null
derby.stream.error.method=org.springframework.jdbc.datasource.embedded.OutputStreamFactory.getNoopOutputStream
Database Class Loader started - derby.database.classpath=''
----------------------------------------------------------------
Wed Jan 15 16:20:49 CET 2014:
Shutting down instance 6740828c-0143-967d-8a23-0000005b80e0 on database directory memory:/Users/HJ/Javafiler/NetBeans/Smarkosystem/Smartkosystem/testdb with class loader sun.misc.Launcher$AppClassLoader@75787005 
----------------------------------------------------------------
Wed Jan 15 16:20:50 CET 2014:
Booting Derby version The Apache Software Foundation - Apache Derby - 10.10.1.1 - (1458268): instance 010f03c8-0143-967d-8a23-0000005b80e0 
on database directory memory:/Users/HJ/Javafiler/NetBeans/Smarkosystem/Smartkosystem/testdb with class loader sun.misc.Launcher$AppClassLoader@75787005 
Loaded from file:/Users/HJ/Javafiler/NetBeans/Smarkosystem/Smartkosystem/konfig/derby-10.10.1.1.jar
java.vendor=Oracle Corporation
java.runtime.version=1.7.0_21-b12
user.dir=/Users/HJ/Javafiler/NetBeans/Smarkosystem/Smartkosystem
os.name=Mac OS X
os.arch=x86_64
os.version=10.9
derby.system.home=null
derby.stream.error.method=org.springframework.jdbc.datasource.embedded.OutputStreamFactory.getNoopOutputStream
Database Class Loader started - derby.database.classpath=''
----------------------------------------------------------------
Wed Jan 15 16:20:50 CET 2014:
Shutting down instance 010f03c8-0143-967d-8a23-0000005b80e0 on database directory memory:/Users/HJ/Javafiler/NetBeans/Smarkosystem/Smartkosystem/testdb with class loader sun.misc.Launcher$AppClassLoader@75787005 
----------------------------------------------------------------
Wed Jan 15 16:20:50 CET 2014:
Booting Derby version The Apache Software Foundation - Apache Derby - 10.10.1.1 - (1458268): instance fc618504-0143-967d-8a23-0000005b80e0 
on database directory memory:/Users/HJ/Javafiler/NetBeans/Smarkosystem/Smartkosystem/testdb with class loader sun.misc.Launcher$AppClassLoader@75787005 
Loaded from file:/Users/HJ/Javafiler/NetBeans/Smarkosystem/Smartkosystem/konfig/derby-10.10.1.1.jar
java.vendor=Oracle Corporation
java.runtime.version=1.7.0_21-b12
user.dir=/Users/HJ/Javafiler/NetBeans/Smarkosystem/Smartkosystem
os.name=Mac OS X
os.arch=x86_64
os.version=10.9
derby.system.home=null
derby.stream.error.method=org.springframework.jdbc.datasource.embedded.OutputStreamFactory.getNoopOutputStream
Database Class Loader started - derby.database.classpath=''
----------------------------------------------------------------
Wed Jan 15 16:20:51 CET 2014:
Shutting down instance fc618504-0143-967d-8a23-0000005b80e0 on database directory memory:/Users/HJ/Javafiler/NetBeans/Smarkosystem/Smartkosystem/testdb with class loader sun.misc.Launcher$AppClassLoader@75787005 
----------------------------------------------------------------
Wed Jan 15 16:20:51 CET 2014:
Booting Derby version The Apache Software Foundation - Apache Derby - 10.10.1.1 - (1458268): instance 59380640-0143-967d-8a23-0000005b80e0 
on database directory memory:/Users/HJ/Javafiler/NetBeans/Smarkosystem/Smartkosystem/testdb with class loader sun.misc.Launcher$AppClassLoader@75787005 
Loaded from file:/Users/HJ/Javafiler/NetBeans/Smarkosystem/Smartkosystem/konfig/derby-10.10.1.1.jar
java.vendor=Oracle Corporation
java.runtime.version=1.7.0_21-b12
user.dir=/Users/HJ/Javafiler/NetBeans/Smarkosystem/Smartkosystem
os.name=Mac OS X
os.arch=x86_64
os.version=10.9
derby.system.home=null
derby.stream.error.method=org.springframework.jdbc.datasource.embedded.OutputStreamFactory.getNoopOutputStream
Database Class Loader started - derby.database.classpath=''
----------------------------------------------------------------
Wed Jan 15 16:20:52 CET 2014:
Shutting down instance 59380640-0143-967d-8a23-0000005b80e0 on database directory memory:/Users/HJ/Javafiler/NetBeans/Smarkosystem/Smartkosystem/testdb with class loader sun.misc.Launcher$AppClassLoader@75787005 
----------------------------------------------------------------
Wed Jan 15 16:20:52 CET 2014:
Booting Derby version The Apache Software Foundation - Apache Derby - 10.10.1.1 - (1458268): instance 6530477f-0143-967d-8a23-0000005b80e0 
on database directory memory:/Users/HJ/Javafiler/NetBeans/Smarkosystem/Smartkosystem/testdb with class loader sun.misc.Launcher$AppClassLoader@75787005 
Loaded from file:/Users/HJ/Javafiler/NetBeans/Smarkosystem/Smartkosystem/konfig/derby-10.10.1.1.jar
java.vendor=Oracle Corporation
java.runtime.version=1.7.0_21-b12
user.dir=/Users/HJ/Javafiler/NetBeans/Smarkosystem/Smartkosystem
os.name=Mac OS X
os.arch=x86_64
os.version=10.9
derby.system.home=null
derby.stream.error.method=org.springframework.jdbc.datasource.embedded.OutputStreamFactory.getNoopOutputStream
Database Class Loader started - derby.database.classpath=''
----------------------------------------------------------------
Wed Jan 15 16:20:52 CET 2014:
Shutting down instance 6530477f-0143-967d-8a23-0000005b80e0 on database directory memory:/Users/HJ/Javafiler/NetBeans/Smarkosystem/Smartkosystem/testdb with class loader sun.misc.Launcher$AppClassLoader@75787005 
----------------------------------------------------------------
Wed Jan 15 16:20:53 CET 2014:
Booting Derby version The Apache Software Foundation - Apache Derby - 10.10.1.1 - (1458268): instance b488c8be-0143-967d-8a23-0000005b80e0 
on database directory memory:/Users/HJ/Javafiler/NetBeans/Smarkosystem/Smartkosystem/testdb with class loader sun.misc.Launcher$AppClassLoader@75787005 
Loaded from file:/Users/HJ/Javafiler/NetBeans/Smarkosystem/Smartkosystem/konfig/derby-10.10.1.1.jar
java.vendor=Oracle Corporation
java.runtime.version=1.7.0_21-b12
user.dir=/Users/HJ/Javafiler/NetBeans/Smarkosystem/Smartkosystem
os.name=Mac OS X
os.arch=x86_64
os.version=10.9
derby.system.home=null
derby.stream.error.method=org.springframework.jdbc.datasource.embedded.OutputStreamFactory.getNoopOutputStream
Database Class Loader started - derby.database.classpath=''
----------------------------------------------------------------
Wed Jan 15 16:20:53 CET 2014:
Shutting down instance b488c8be-0143-967d-8a23-0000005b80e0 on database directory memory:/Users/HJ/Javafiler/NetBeans/Smarkosystem/Smartkosystem/testdb with class loader sun.misc.Launcher$AppClassLoader@75787005 
----------------------------------------------------------------
Wed Jan 15 16:20:54 CET 2014:
Booting Derby version The Apache Software Foundation - Apache Derby - 10.10.1.1 - (1458268): instance 37c549fa-0143-967d-8a23-0000005b80e0 
on database directory memory:/Users/HJ/Javafiler/NetBeans/Smarkosystem/Smartkosystem/testdb with class loader sun.misc.Launcher$AppClassLoader@75787005 
Loaded from file:/Users/HJ/Javafiler/NetBeans/Smarkosystem/Smartkosystem/konfig/derby-10.10.1.1.jar
java.vendor=Oracle Corporation
java.runtime.version=1.7.0_21-b12
user.dir=/Users/HJ/Javafiler/NetBeans/Smarkosystem/Smartkosystem
os.name=Mac OS X
os.arch=x86_64
os.version=10.9
derby.system.home=null
derby.stream.error.method=org.springframework.jdbc.datasource.embedded.OutputStreamFactory.getNoopOutputStream
Database Class Loader started - derby.database.classpath=''
----------------------------------------------------------------
Wed Jan 15 16:20:54 CET 2014:
Shutting down instance 37c549fa-0143-967d-8a23-0000005b80e0 on database directory memory:/Users/HJ/Javafiler/NetBeans/Smarkosystem/Smartkosystem/testdb with class loader sun.misc.Launcher$AppClassLoader@75787005 
----------------------------------------------------------------
Wed Jan 15 16:20:54 CET 2014:
Booting Derby version The Apache Software Foundation - Apache Derby - 10.10.1.1 - (1458268): instance bcef0b39-0143-967d-8a23-0000005b80e0 
on database directory memory:/Users/HJ/Javafiler/NetBeans/Smarkosystem/Smartkosystem/testdb with class loader sun.misc.Launcher$AppClassLoader@75787005 
Loaded from file:/Users/HJ/Javafiler/NetBeans/Smarkosystem/Smartkosystem/konfig/derby-10.10.1.1.jar
java.vendor=Oracle Corporation
java.runtime.version=1.7.0_21-b12
user.dir=/Users/HJ/Javafiler/NetBeans/Smarkosystem/Smartkosystem
os.name=Mac OS X
os.arch=x86_64
os.version=10.9
derby.system.home=null
derby.stream.error.method=org.springframework.jdbc.datasource.embedded.OutputStreamFactory.getNoopOutputStream
Database Class Loader started - derby.database.classpath=''
----------------------------------------------------------------
Wed Jan 15 16:20:55 CET 2014:
Shutting down instance bcef0b39-0143-967d-8a23-0000005b80e0 on database directory memory:/Users/HJ/Javafiler/NetBeans/Smarkosystem/Smartkosystem/testdb with class loader sun.misc.Launcher$AppClassLoader@75787005 
----------------------------------------------------------------
Wed Jan 15 16:20:55 CET 2014:
Booting Derby version The Apache Software Foundation - Apache Derby - 10.10.1.1 - (1458268): instance a4208c75-0143-967d-8a23-0000005b80e0 
on database directory memory:/Users/HJ/Javafiler/NetBeans/Smarkosystem/Smartkosystem/testdb with class loader sun.misc.Launcher$AppClassLoader@75787005 
Loaded from file:/Users/HJ/Javafiler/NetBeans/Smarkosystem/Smartkosystem/konfig/derby-10.10.1.1.jar
java.vendor=Oracle Corporation
java.runtime.version=1.7.0_21-b12
user.dir=/Users/HJ/Javafiler/NetBeans/Smarkosystem/Smartkosystem
os.name=Mac OS X
os.arch=x86_64
os.version=10.9
derby.system.home=null
derby.stream.error.method=org.springframework.jdbc.datasource.embedded.OutputStreamFactory.getNoopOutputStream
Database Class Loader started - derby.database.classpath=''
----------------------------------------------------------------
Wed Jan 15 16:20:55 CET 2014:
Shutting down instance a4208c75-0143-967d-8a23-0000005b80e0 on database directory memory:/Users/HJ/Javafiler/NetBeans/Smarkosystem/Smartkosystem/testdb with class loader sun.misc.Launcher$AppClassLoader@75787005 
----------------------------------------------------------------
Wed Jan 15 16:20:56 CET 2014:
Booting Derby version The Apache Software Foundation - Apache Derby - 10.10.1.1 - (1458268): instance ecd60db1-0143-967d-8a23-0000005b80e0 
on database directory memory:/Users/HJ/Javafiler/NetBeans/Smarkosystem/Smartkosystem/testdb with class loader sun.misc.Launcher$AppClassLoader@75787005 
Loaded from file:/Users/HJ/Javafiler/NetBeans/Smarkosystem/Smartkosystem/konfig/derby-10.10.1.1.jar
java.vendor=Oracle Corporation
java.runtime.version=1.7.0_21-b12
user.dir=/Users/HJ/Javafiler/NetBeans/Smarkosystem/Smartkosystem
os.name=Mac OS X
os.arch=x86_64
os.version=10.9
derby.system.home=null
derby.stream.error.method=org.springframework.jdbc.datasource.embedded.OutputStreamFactory.getNoopOutputStream
Database Class Loader started - derby.database.classpath=''
----------------------------------------------------------------
Wed Jan 15 16:20:56 CET 2014:
Shutting down instance ecd60db1-0143-967d-8a23-0000005b80e0 on database directory memory:/Users/HJ/Javafiler/NetBeans/Smarkosystem/Smartkosystem/testdb with class loader sun.misc.Launcher$AppClassLoader@75787005 
----------------------------------------------------------------
Wed Jan 15 16:20:57 CET 2014:
Booting Derby version The Apache Software Foundation - Apache Derby - 10.10.1.1 - (1458268): instance 970f8eed-0143-967d-8a23-0000005b80e0 
on database directory memory:/Users/HJ/Javafiler/NetBeans/Smarkosystem/Smartkosystem/testdb with class loader sun.misc.Launcher$AppClassLoader@75787005 
Loaded from file:/Users/HJ/Javafiler/NetBeans/Smarkosystem/Smartkosystem/konfig/derby-10.10.1.1.jar
java.vendor=Oracle Corporation
java.runtime.version=1.7.0_21-b12
user.dir=/Users/HJ/Javafiler/NetBeans/Smarkosystem/Smartkosystem
os.name=Mac OS X
os.arch=x86_64
os.version=10.9
derby.system.home=null
derby.stream.error.method=org.springframework.jdbc.datasource.embedded.OutputStreamFactory.getNoopOutputStream
Database Class Loader started - derby.database.classpath=''
----------------------------------------------------------------
Wed Jan 15 16:20:57 CET 2014:
Shutting down instance 970f8eed-0143-967d-8a23-0000005b80e0 on database directory memory:/Users/HJ/Javafiler/NetBeans/Smarkosystem/Smartkosystem/testdb with class loader sun.misc.Launcher$AppClassLoader@75787005 
----------------------------------------------------------------
Wed Jan 15 16:20:57 CET 2014:
Booting Derby version The Apache Software Foundation - Apache Derby - 10.10.1.1 - (1458268): instance a2cd1029-0143-967d-8a23-0000005b80e0 
on database directory memory:/Users/HJ/Javafiler/NetBeans/Smarkosystem/Smartkosystem/testdb with class loader sun.misc.Launcher$AppClassLoader@75787005 
Loaded from file:/Users/HJ/Javafiler/NetBeans/Smarkosystem/Smartkosystem/konfig/derby-10.10.1.1.jar
java.vendor=Oracle Corporation
java.runtime.version=1.7.0_21-b12
user.dir=/Users/HJ/Javafiler/NetBeans/Smarkosystem/Smartkosystem
os.name=Mac OS X
os.arch=x86_64
os.version=10.9
derby.system.home=null
derby.stream.error.method=org.springframework.jdbc.datasource.embedded.OutputStreamFactory.getNoopOutputStream
Database Class Loader started - derby.database.classpath=''
----------------------------------------------------------------
Wed Jan 15 16:20:57 CET 2014:
Shutting down instance a2cd1029-0143-967d-8a23-0000005b80e0 on database directory memory:/Users/HJ/Javafiler/NetBeans/Smarkosystem/Smartkosystem/testdb with class loader sun.misc.Launcher$AppClassLoader@75787005 
----------------------------------------------------------------
Wed Jan 15 16:20:58 CET 2014:
Booting Derby version The Apache Software Foundation - Apache Derby - 10.10.1.1 - (1458268): instance 100e9165-0143-967d-8a23-0000005b80e0 
on database directory memory:/Users/HJ/Javafiler/NetBeans/Smarkosystem/Smartkosystem/testdb with class loader sun.misc.Launcher$AppClassLoader@75787005 
Loaded from file:/Users/HJ/Javafiler/NetBeans/Smarkosystem/Smartkosystem/konfig/derby-10.10.1.1.jar
java.vendor=Oracle Corporation
java.runtime.version=1.7.0_21-b12
user.dir=/Users/HJ/Javafiler/NetBeans/Smarkosystem/Smartkosystem
os.name=Mac OS X
os.arch=x86_64
os.version=10.9
derby.system.home=null
derby.stream.error.method=org.springframework.jdbc.datasource.embedded.OutputStreamFactory.getNoopOutputStream
Database Class Loader started - derby.database.classpath=''
----------------------------------------------------------------
Wed Jan 15 16:20:58 CET 2014:
Shutting down instance 100e9165-0143-967d-8a23-0000005b80e0 on database directory memory:/Users/HJ/Javafiler/NetBeans/Smarkosystem/Smartkosystem/testdb with class loader sun.misc.Launcher$AppClassLoader@75787005 
